<?xml version="1.0" encoding="UTF-8"?>
<!-- Generated by org.testng.reporters.JUnitXMLReporter -->
<testsuite ignored="0" hostname="DESKTOP-67DDO2I" failures="3" tests="18" name="Test" time="124.213" errors="0" timestamp="2022-11-18T12:47:55 GMT-08:00">
  <testcase classname="com.nopcommerce.Testscripts.LoginPageTest2" name="verifyLoginBtnFunctionalityByUsingValidData" time="4.312"/>
  <testcase classname="com.nopcommerce.Testscripts.LoginPageTest2" name="verifyLoginBtnFunctionalityByUsingValidData" time="3.483"/>
  <testcase classname="com.nopcommerce.Testscripts.LoginPageTest2" name="verifyLoginBtnFunctionalityByUsingValidData" time="4.83"/>
  <testcase classname="com.nopcommerce.Testscripts.LoginPageTest2" name="verifyLoginBtnFunctionalityByUsingValidData" time="4.98"/>
  <testcase classname="com.nopcommerce.Testscripts.LoginPageTest2" name="verifyLoginBtnFunctionalityByUsingValidData" time="4.791"/>
  <testcase classname="com.nopcommerce.Testscripts.LoginPageTest2" name="verifyLoginBtnFunctionalityByUsingValidData" time="0.688">
    <skipped/>
  </testcase> <!-- verifyLoginBtnFunctionalityByUsingValidData -->
  <testcase classname="com.nopcommerce.Testscripts.LoginPageTest2" name="verifyLoginBtnFunctionalityByUsingValidData" time="0.655">
    <skipped/>
  </testcase> <!-- verifyLoginBtnFunctionalityByUsingValidData -->
  <testcase classname="com.nopcommerce.Testscripts.LoginPageTest2" name="verifyLoginBtnFunctionalityByUsingValidData" time="0.708">
    <skipped/>
  </testcase> <!-- verifyLoginBtnFunctionalityByUsingValidData -->
  <testcase classname="com.nopcommerce.Testscripts.LoginPageTest2" name="verifyLoginBtnFunctionalityByUsingValidData" time="0.691">
    <failure type="org.openqa.selenium.NoSuchElementException" message="no such element: Unable to locate element: {&amp;quot;method&amp;quot;:&amp;quot;xpath&amp;quot;,&amp;quot;selector&amp;quot;:&amp;quot;//h1[normalize-space()=&amp;apos;Dashboard&amp;apos;]&amp;quot;}
  (Session info: chrome=107.0.5304.107)
For documentation on this error, please visit: https://selenium.dev/exceptions/#no_such_element
Build info: version: &amp;apos;4.4.0&amp;apos;, revision: &amp;apos;e5c75ed026a&amp;apos;
System info: host: &amp;apos;DESKTOP-67DDO2I&amp;apos;, ip: &amp;apos;192.168.31.30&amp;apos;, os.name: &amp;apos;Windows 10&amp;apos;, os.arch: &amp;apos;amd64&amp;apos;, os.version: &amp;apos;10.0&amp;apos;, java.version: &amp;apos;17.0.4.1&amp;apos;
Driver info: org.openqa.selenium.chrome.ChromeDriver
Command: [8609cc6ad7988474f2894aed84c17078, findElement {using=xpath, value=//h1[normalize-space()=&amp;apos;Dashboard&amp;apos;]}]
Capabilities {acceptInsecureCerts: false, browserName: chrome, browserVersion: 107.0.5304.107, chrome: {chromedriverVersion: 107.0.5304.62 (1eec40d3a576..., userDataDir: C:\Users\home\AppData\Local...}, goog:chromeOptions: {debuggerAddress: localhost:60427}, networkConnectionEnabled: false, pageLoadStrategy: normal, platformName: WINDOWS, proxy: Proxy(), se:cdp: ws://localhost:60427/devtoo..., se:cdpVersion: 107.0.5304.107, setWindowRect: true, strictFileInteractability: false, timeouts: {implicit: 0, pageLoad: 300000, script: 30000}, unhandledPromptBehavior: dismiss and notify, webauthn:extension:credBlob: true, webauthn:extension:largeBlob: true, webauthn:virtualAuthenticators: true}
Session ID: 8609cc6ad7988474f2894aed84c17078">
      <![CDATA[org.openqa.selenium.NoSuchElementException: no such element: Unable to locate element: {"method":"xpath","selector":"//h1[normalize-space()='Dashboard']"}
  (Session info: chrome=107.0.5304.107)
For documentation on this error, please visit: https://selenium.dev/exceptions/#no_such_element
Build info: version: '4.4.0', revision: 'e5c75ed026a'
System info: host: 'DESKTOP-67DDO2I', ip: '192.168.31.30', os.name: 'Windows 10', os.arch: 'amd64', os.version: '10.0', java.version: '17.0.4.1'
Driver info: org.openqa.selenium.chrome.ChromeDriver
Command: [8609cc6ad7988474f2894aed84c17078, findElement {using=xpath, value=//h1[normalize-space()='Dashboard']}]
Capabilities {acceptInsecureCerts: false, browserName: chrome, browserVersion: 107.0.5304.107, chrome: {chromedriverVersion: 107.0.5304.62 (1eec40d3a576..., userDataDir: C:\Users\home\AppData\Local...}, goog:chromeOptions: {debuggerAddress: localhost:60427}, networkConnectionEnabled: false, pageLoadStrategy: normal, platformName: WINDOWS, proxy: Proxy(), se:cdp: ws://localhost:60427/devtoo..., se:cdpVersion: 107.0.5304.107, setWindowRect: true, strictFileInteractability: false, timeouts: {implicit: 0, pageLoad: 300000, script: 30000}, unhandledPromptBehavior: dismiss and notify, webauthn:extension:credBlob: true, webauthn:extension:largeBlob: true, webauthn:virtualAuthenticators: true}
Session ID: 8609cc6ad7988474f2894aed84c17078
at org.openqa.selenium.remote.codec.w3c.W3CHttpResponseCodec.createException(W3CHttpResponseCodec.java:200)
at org.openqa.selenium.remote.codec.w3c.W3CHttpResponseCodec.decode(W3CHttpResponseCodec.java:133)
at org.openqa.selenium.remote.codec.w3c.W3CHttpResponseCodec.decode(W3CHttpResponseCodec.java:53)
at org.openqa.selenium.remote.HttpCommandExecutor.execute(HttpCommandExecutor.java:184)
at org.openqa.selenium.remote.service.DriverCommandExecutor.invokeExecute(DriverCommandExecutor.java:167)
at org.openqa.selenium.remote.service.DriverCommandExecutor.execute(DriverCommandExecutor.java:142)
at org.openqa.selenium.remote.RemoteWebDriver.execute(RemoteWebDriver.java:547)
at org.openqa.selenium.remote.ElementLocation$ElementFinder$2.findElement(ElementLocation.java:162)
at org.openqa.selenium.remote.ElementLocation.findElement(ElementLocation.java:60)
at org.openqa.selenium.remote.RemoteWebDriver.findElement(RemoteWebDriver.java:365)
at org.openqa.selenium.remote.RemoteWebDriver.findElement(RemoteWebDriver.java:357)
at com.nopcommerce.pages.DashBoardPage.isDashboardLabelVisible(DashBoardPage.java:21)
at com.nopcommerce.Testscripts.LoginPageTest2.verifyLoginBtnFunctionalityByUsingValidData(LoginPageTest2.java:44)
at java.base/java.util.ArrayList.forEach(ArrayList.java:1511)
... Removed 32 stack frames]]>
    </failure>
  </testcase> <!-- verifyLoginBtnFunctionalityByUsingValidData -->
  <testcase classname="com.nopcommerce.Testscripts.LoginPageTest2" name="verifyLoginBtnFunctionalityByUsingValidData" time="0.699">
    <skipped/>
  </testcase> <!-- verifyLoginBtnFunctionalityByUsingValidData -->
  <testcase classname="com.nopcommerce.Testscripts.LoginPageTest2" name="verifyLoginBtnFunctionalityByUsingValidData" time="0.701">
    <skipped/>
  </testcase> <!-- verifyLoginBtnFunctionalityByUsingValidData -->
  <testcase classname="com.nopcommerce.Testscripts.LoginPageTest2" name="verifyLoginBtnFunctionalityByUsingValidData" time="0.663">
    <skipped/>
  </testcase> <!-- verifyLoginBtnFunctionalityByUsingValidData -->
  <testcase classname="com.nopcommerce.Testscripts.LoginPageTest2" name="verifyLoginBtnFunctionalityByUsingValidData" time="0.676">
    <failure type="org.openqa.selenium.NoSuchElementException" message="no such element: Unable to locate element: {&amp;quot;method&amp;quot;:&amp;quot;xpath&amp;quot;,&amp;quot;selector&amp;quot;:&amp;quot;//h1[normalize-space()=&amp;apos;Dashboard&amp;apos;]&amp;quot;}
  (Session info: chrome=107.0.5304.107)
For documentation on this error, please visit: https://selenium.dev/exceptions/#no_such_element
Build info: version: &amp;apos;4.4.0&amp;apos;, revision: &amp;apos;e5c75ed026a&amp;apos;
System info: host: &amp;apos;DESKTOP-67DDO2I&amp;apos;, ip: &amp;apos;192.168.31.30&amp;apos;, os.name: &amp;apos;Windows 10&amp;apos;, os.arch: &amp;apos;amd64&amp;apos;, os.version: &amp;apos;10.0&amp;apos;, java.version: &amp;apos;17.0.4.1&amp;apos;
Driver info: org.openqa.selenium.chrome.ChromeDriver
Command: [f5ecfdbfb0a9f591fcb3cb72562d6968, findElement {using=xpath, value=//h1[normalize-space()=&amp;apos;Dashboard&amp;apos;]}]
Capabilities {acceptInsecureCerts: false, browserName: chrome, browserVersion: 107.0.5304.107, chrome: {chromedriverVersion: 107.0.5304.62 (1eec40d3a576..., userDataDir: C:\Users\home\AppData\Local...}, goog:chromeOptions: {debuggerAddress: localhost:60503}, networkConnectionEnabled: false, pageLoadStrategy: normal, platformName: WINDOWS, proxy: Proxy(), se:cdp: ws://localhost:60503/devtoo..., se:cdpVersion: 107.0.5304.107, setWindowRect: true, strictFileInteractability: false, timeouts: {implicit: 0, pageLoad: 300000, script: 30000}, unhandledPromptBehavior: dismiss and notify, webauthn:extension:credBlob: true, webauthn:extension:largeBlob: true, webauthn:virtualAuthenticators: true}
Session ID: f5ecfdbfb0a9f591fcb3cb72562d6968">
      <![CDATA[org.openqa.selenium.NoSuchElementException: no such element: Unable to locate element: {"method":"xpath","selector":"//h1[normalize-space()='Dashboard']"}
  (Session info: chrome=107.0.5304.107)
For documentation on this error, please visit: https://selenium.dev/exceptions/#no_such_element
Build info: version: '4.4.0', revision: 'e5c75ed026a'
System info: host: 'DESKTOP-67DDO2I', ip: '192.168.31.30', os.name: 'Windows 10', os.arch: 'amd64', os.version: '10.0', java.version: '17.0.4.1'
Driver info: org.openqa.selenium.chrome.ChromeDriver
Command: [f5ecfdbfb0a9f591fcb3cb72562d6968, findElement {using=xpath, value=//h1[normalize-space()='Dashboard']}]
Capabilities {acceptInsecureCerts: false, browserName: chrome, browserVersion: 107.0.5304.107, chrome: {chromedriverVersion: 107.0.5304.62 (1eec40d3a576..., userDataDir: C:\Users\home\AppData\Local...}, goog:chromeOptions: {debuggerAddress: localhost:60503}, networkConnectionEnabled: false, pageLoadStrategy: normal, platformName: WINDOWS, proxy: Proxy(), se:cdp: ws://localhost:60503/devtoo..., se:cdpVersion: 107.0.5304.107, setWindowRect: true, strictFileInteractability: false, timeouts: {implicit: 0, pageLoad: 300000, script: 30000}, unhandledPromptBehavior: dismiss and notify, webauthn:extension:credBlob: true, webauthn:extension:largeBlob: true, webauthn:virtualAuthenticators: true}
Session ID: f5ecfdbfb0a9f591fcb3cb72562d6968
at org.openqa.selenium.remote.codec.w3c.W3CHttpResponseCodec.createException(W3CHttpResponseCodec.java:200)
at org.openqa.selenium.remote.codec.w3c.W3CHttpResponseCodec.decode(W3CHttpResponseCodec.java:133)
at org.openqa.selenium.remote.codec.w3c.W3CHttpResponseCodec.decode(W3CHttpResponseCodec.java:53)
at org.openqa.selenium.remote.HttpCommandExecutor.execute(HttpCommandExecutor.java:184)
at org.openqa.selenium.remote.service.DriverCommandExecutor.invokeExecute(DriverCommandExecutor.java:167)
at org.openqa.selenium.remote.service.DriverCommandExecutor.execute(DriverCommandExecutor.java:142)
at org.openqa.selenium.remote.RemoteWebDriver.execute(RemoteWebDriver.java:547)
at org.openqa.selenium.remote.ElementLocation$ElementFinder$2.findElement(ElementLocation.java:162)
at org.openqa.selenium.remote.ElementLocation.findElement(ElementLocation.java:60)
at org.openqa.selenium.remote.RemoteWebDriver.findElement(RemoteWebDriver.java:365)
at org.openqa.selenium.remote.RemoteWebDriver.findElement(RemoteWebDriver.java:357)
at com.nopcommerce.pages.DashBoardPage.isDashboardLabelVisible(DashBoardPage.java:21)
at com.nopcommerce.Testscripts.LoginPageTest2.verifyLoginBtnFunctionalityByUsingValidData(LoginPageTest2.java:44)
at java.base/java.util.ArrayList.forEach(ArrayList.java:1511)
... Removed 32 stack frames]]>
    </failure>
  </testcase> <!-- verifyLoginBtnFunctionalityByUsingValidData -->
  <testcase classname="com.nopcommerce.Testscripts.LoginPageTest" name="verifyLoginBtnFunctionalityByUsingInValidData" time="0.071">
    <skipped/>
  </testcase> <!-- verifyLoginBtnFunctionalityByUsingInValidData -->
  <testcase classname="com.nopcommerce.Testscripts.LoginPageTest" name="verifyLoginBtnFunctionalityByUsingInValidData" time="0.045">
    <skipped/>
  </testcase> <!-- verifyLoginBtnFunctionalityByUsingInValidData -->
  <testcase classname="com.nopcommerce.Testscripts.LoginPageTest" name="verifyLoginBtnFunctionalityByUsingInValidData" time="0.044">
    <skipped/>
  </testcase> <!-- verifyLoginBtnFunctionalityByUsingInValidData -->
  <testcase classname="com.nopcommerce.Testscripts.LoginPageTest" name="verifyLoginBtnFunctionalityByUsingInValidData" time="0.046">
    <failure type="org.openqa.selenium.NoSuchElementException" message="no such element: Unable to locate element: {&amp;quot;method&amp;quot;:&amp;quot;xpath&amp;quot;,&amp;quot;selector&amp;quot;:&amp;quot;//*[@method=&amp;apos;post&amp;apos;]//child::*[@class=&amp;apos;message-error validation-summary-errors&amp;apos;]&amp;quot;}
  (Session info: chrome=107.0.5304.107)
For documentation on this error, please visit: https://selenium.dev/exceptions/#no_such_element
Build info: version: &amp;apos;4.4.0&amp;apos;, revision: &amp;apos;e5c75ed026a&amp;apos;
System info: host: &amp;apos;DESKTOP-67DDO2I&amp;apos;, ip: &amp;apos;192.168.31.30&amp;apos;, os.name: &amp;apos;Windows 10&amp;apos;, os.arch: &amp;apos;amd64&amp;apos;, os.version: &amp;apos;10.0&amp;apos;, java.version: &amp;apos;17.0.4.1&amp;apos;
Driver info: org.openqa.selenium.chrome.ChromeDriver
Command: [9f53a4463a2981293f3194ed165226ab, findElement {using=xpath, value=//*[@method=&amp;apos;post&amp;apos;]//child::*[@class=&amp;apos;message-error validation-summary-errors&amp;apos;]}]
Capabilities {acceptInsecureCerts: false, browserName: chrome, browserVersion: 107.0.5304.107, chrome: {chromedriverVersion: 107.0.5304.62 (1eec40d3a576..., userDataDir: C:\Users\home\AppData\Local...}, goog:chromeOptions: {debuggerAddress: localhost:60587}, networkConnectionEnabled: false, pageLoadStrategy: normal, platformName: WINDOWS, proxy: Proxy(), se:cdp: ws://localhost:60587/devtoo..., se:cdpVersion: 107.0.5304.107, setWindowRect: true, strictFileInteractability: false, timeouts: {implicit: 0, pageLoad: 300000, script: 30000}, unhandledPromptBehavior: dismiss and notify, webauthn:extension:credBlob: true, webauthn:extension:largeBlob: true, webauthn:virtualAuthenticators: true}
Session ID: 9f53a4463a2981293f3194ed165226ab">
      <![CDATA[org.openqa.selenium.NoSuchElementException: no such element: Unable to locate element: {"method":"xpath","selector":"//*[@method='post']//child::*[@class='message-error validation-summary-errors']"}
  (Session info: chrome=107.0.5304.107)
For documentation on this error, please visit: https://selenium.dev/exceptions/#no_such_element
Build info: version: '4.4.0', revision: 'e5c75ed026a'
System info: host: 'DESKTOP-67DDO2I', ip: '192.168.31.30', os.name: 'Windows 10', os.arch: 'amd64', os.version: '10.0', java.version: '17.0.4.1'
Driver info: org.openqa.selenium.chrome.ChromeDriver
Command: [9f53a4463a2981293f3194ed165226ab, findElement {using=xpath, value=//*[@method='post']//child::*[@class='message-error validation-summary-errors']}]
Capabilities {acceptInsecureCerts: false, browserName: chrome, browserVersion: 107.0.5304.107, chrome: {chromedriverVersion: 107.0.5304.62 (1eec40d3a576..., userDataDir: C:\Users\home\AppData\Local...}, goog:chromeOptions: {debuggerAddress: localhost:60587}, networkConnectionEnabled: false, pageLoadStrategy: normal, platformName: WINDOWS, proxy: Proxy(), se:cdp: ws://localhost:60587/devtoo..., se:cdpVersion: 107.0.5304.107, setWindowRect: true, strictFileInteractability: false, timeouts: {implicit: 0, pageLoad: 300000, script: 30000}, unhandledPromptBehavior: dismiss and notify, webauthn:extension:credBlob: true, webauthn:extension:largeBlob: true, webauthn:virtualAuthenticators: true}
Session ID: 9f53a4463a2981293f3194ed165226ab
at org.openqa.selenium.remote.codec.w3c.W3CHttpResponseCodec.createException(W3CHttpResponseCodec.java:200)
at org.openqa.selenium.remote.codec.w3c.W3CHttpResponseCodec.decode(W3CHttpResponseCodec.java:133)
at org.openqa.selenium.remote.codec.w3c.W3CHttpResponseCodec.decode(W3CHttpResponseCodec.java:53)
at org.openqa.selenium.remote.HttpCommandExecutor.execute(HttpCommandExecutor.java:184)
at org.openqa.selenium.remote.service.DriverCommandExecutor.invokeExecute(DriverCommandExecutor.java:167)
at org.openqa.selenium.remote.service.DriverCommandExecutor.execute(DriverCommandExecutor.java:142)
at org.openqa.selenium.remote.RemoteWebDriver.execute(RemoteWebDriver.java:547)
at org.openqa.selenium.remote.ElementLocation$ElementFinder$2.findElement(ElementLocation.java:162)
at org.openqa.selenium.remote.ElementLocation.findElement(ElementLocation.java:60)
at org.openqa.selenium.remote.RemoteWebDriver.findElement(RemoteWebDriver.java:365)
at org.openqa.selenium.remote.RemoteWebDriver.findElement(RemoteWebDriver.java:357)
at com.nopcommerce.pages.LoginPage.Verifyinvalidmsg(LoginPage.java:50)
at com.nopcommerce.Testscripts.LoginPageTest.verifyLoginBtnFunctionalityByUsingInValidData(LoginPageTest.java:53)
at java.base/java.util.ArrayList.forEach(ArrayList.java:1511)
... Removed 32 stack frames]]>
    </failure>
  </testcase> <!-- verifyLoginBtnFunctionalityByUsingInValidData -->
  <testcase classname="com.nopcommerce.Testscripts.LoginPageTest" name="verifyLoginBtnFunctionalityByUsingValidData" time="2.851"/>
</testsuite> <!-- Test -->
